<?xml version="1.0" encoding="UTF-8"?>
<!-- Generated by org.testng.reporters.JUnitXMLReporter -->
<testsuite hostname="MLI-LAP-169" failures="1" tests="1" name="Newtest1" time="42.957" errors="0" timestamp="16 Aug 2022 11:27:32 GMT">
  <testcase classname="testCases.NewTest1" name="loginTest" time="36.59">
    <failure type="org.openqa.selenium.UnhandledAlertException" message="unexpected alert open: {Alert text : DataTables warning: table id=bestsellers-byquantity-grid - Ajax error. For more information about this error, please see http://datatables.net/tn/7}
  (Session info: MicrosoftEdge=104.0.1293.47): DataTables warning: table id=bestsellers-byquantity-grid - Ajax error. For more information about this error, please see http://datatables.net/tn/7
Build info: version: &amp;apos;3.141.59&amp;apos;, revision: &amp;apos;e82be7d358&amp;apos;, time: &amp;apos;2018-11-14T08:17:03&amp;apos;
System info: host: &amp;apos;MLI-LAP-169&amp;apos;, ip: &amp;apos;172.16.3.204&amp;apos;, os.name: &amp;apos;Windows 10&amp;apos;, os.arch: &amp;apos;amd64&amp;apos;, os.version: &amp;apos;10.0&amp;apos;, java.version: &amp;apos;18.0.1.1&amp;apos;
Driver info: org.openqa.selenium.edge.EdgeDriver
Capabilities {acceptInsecureCerts: false, browserName: msedge, browserVersion: 104.0.1293.47, javascriptEnabled: true, ms:edgeOptions: {debuggerAddress: localhost:65136}, msedge: {msedgedriverVersion: 104.0.1293.47 (246533a39fec..., userDataDir: C:\Users\Narendra\AppData\L...}, networkConnectionEnabled: false, pageLoadStrategy: normal, platform: WINDOWS, platformName: WINDOWS, proxy: Proxy(), setWindowRect: true, strictFileInteractability: false, timeouts: {implicit: 0, pageLoad: 300000, script: 30000}, unhandledPromptBehavior: dismiss and notify, webauthn:extension:credBlob: true, webauthn:extension:largeBlob: true, webauthn:virtualAuthenticators: true}
Session ID: 8bcd9ce0bfeb6312035cae22b07f6ad4">
      <![CDATA[org.openqa.selenium.UnhandledAlertException: unexpected alert open: {Alert text : DataTables warning: table id=bestsellers-byquantity-grid - Ajax error. For more information about this error, please see http://datatables.net/tn/7}
  (Session info: MicrosoftEdge=104.0.1293.47): DataTables warning: table id=bestsellers-byquantity-grid - Ajax error. For more information about this error, please see http://datatables.net/tn/7
Build info: version: '3.141.59', revision: 'e82be7d358', time: '2018-11-14T08:17:03'
System info: host: 'MLI-LAP-169', ip: '172.16.3.204', os.name: 'Windows 10', os.arch: 'amd64', os.version: '10.0', java.version: '18.0.1.1'
Driver info: org.openqa.selenium.edge.EdgeDriver
Capabilities {acceptInsecureCerts: false, browserName: msedge, browserVersion: 104.0.1293.47, javascriptEnabled: true, ms:edgeOptions: {debuggerAddress: localhost:65136}, msedge: {msedgedriverVersion: 104.0.1293.47 (246533a39fec..., userDataDir: C:\Users\Narendra\AppData\L...}, networkConnectionEnabled: false, pageLoadStrategy: normal, platform: WINDOWS, platformName: WINDOWS, proxy: Proxy(), setWindowRect: true, strictFileInteractability: false, timeouts: {implicit: 0, pageLoad: 300000, script: 30000}, unhandledPromptBehavior: dismiss and notify, webauthn:extension:credBlob: true, webauthn:extension:largeBlob: true, webauthn:virtualAuthenticators: true}
Session ID: 8bcd9ce0bfeb6312035cae22b07f6ad4
	at org.openqa.selenium.remote.http.W3CHttpResponseCodec.decode(W3CHttpResponseCodec.java:120)
	at org.openqa.selenium.remote.http.W3CHttpResponseCodec.decode(W3CHttpResponseCodec.java:49)
	at org.openqa.selenium.remote.HttpCommandExecutor.execute(HttpCommandExecutor.java:158)
	at org.openqa.selenium.remote.service.DriverCommandExecutor.execute(DriverCommandExecutor.java:83)
	at org.openqa.selenium.remote.RemoteWebDriver.execute(RemoteWebDriver.java:552)
	at org.openqa.selenium.remote.RemoteWebDriver.execute(RemoteWebDriver.java:609)
	at org.openqa.selenium.remote.RemoteWebDriver.getPageSource(RemoteWebDriver.java:438)
	at testCases.NewTest1.loginTest(NewTest1.java:47)
	at org.apache.maven.surefire.testng.TestNGExecutor.run(TestNGExecutor.java:284)
	at org.apache.maven.surefire.testng.TestNGXmlTestSuite.execute(TestNGXmlTestSuite.java:75)
	at org.apache.maven.surefire.testng.TestNGProvider.invoke(TestNGProvider.java:119)
	at org.apache.maven.surefire.booter.ForkedBooter.runSuitesInProcess(ForkedBooter.java:428)
	at org.apache.maven.surefire.booter.ForkedBooter.execute(ForkedBooter.java:162)
	at org.apache.maven.surefire.booter.ForkedBooter.run(ForkedBooter.java:562)
	at org.apache.maven.surefire.booter.ForkedBooter.main(ForkedBooter.java:548)
... Removed 19 stack frames]]>
    </failure>
  </testcase> <!-- loginTest -->
</testsuite> <!-- Newtest1 -->
