<?xml version="1.0" encoding="UTF-8"?>
<!-- Generated by org.testng.reporters.JUnitXMLReporter -->
<testsuite ignored="0" hostname="MrDevisettyPC" failures="0" tests="1" name="NewTest1" time="0.06" errors="0" timestamp="2022-02-25T21:54:44 GMT">
  <testcase classname="testCases.NewTest1" name="@BeforeTest setup" time="-1.645826084279E9">
    <failure type="org.testng.TestNGException" message="
Can inject only one of &amp;lt;ITestContext, XmlTest&amp;gt; into a @BeforeTest annotated setup.
For more information on native dependency injection please refer to https://testng.org/doc/documentation-main.html#native-dependency-injection">
      <![CDATA[org.testng.TestNGException: 
Can inject only one of <ITestContext, XmlTest> into a @BeforeTest annotated setup.
For more information on native dependency injection please refer to https://testng.org/doc/documentation-main.html#native-dependency-injection
... Removed 21 stack frames]]>
    </failure>
  </testcase> <!-- @BeforeTest setup -->
  <testcase classname="testCases.NewTest1" name="@AfterTest tearDown" time="-1.64582608433E9">
    <skipped/>
  </testcase> <!-- @AfterTest tearDown -->
  <testcase classname="testCases.NewTest1" name="loginTest" time="0.0">
    <skipped/>
  </testcase> <!-- loginTest -->
</testsuite> <!-- NewTest1 -->
