<?xml version="1.0" encoding="UTF-8"?>
<testng-results ignored="0" total="1" passed="1" failed="0" skipped="0">
  <reporter-output>
  </reporter-output>
  <suite started-at="2022-08-16T15:01:55 IST" name="Suite1" finished-at="2022-08-16T15:02:26 IST" duration-ms="30448">
    <groups>
    </groups>
    <test started-at="2022-08-16T15:01:55 IST" name="Newtest1" finished-at="2022-08-16T15:02:26 IST" duration-ms="30448">
      <class name="testCases.NewTest1">
        <test-method is-config="true" signature="setup(java.lang.String)[pri:0, instance:testCases.NewTest1@57a3af25]" started-at="2022-08-16T15:01:56 IST" name="setup" finished-at="2022-08-16T15:02:00 IST" duration-ms="4372" status="PASS">
          <params>
            <param index="0">
              <value>
                <![CDATA[edge]]>
              </value>
            </param>
          </params>
          <reporter-output>
          </reporter-output>
        </test-method> <!-- setup -->
        <test-method signature="loginTest()[pri:0, instance:testCases.NewTest1@57a3af25]" started-at="2022-08-16T15:02:00 IST" name="loginTest" finished-at="2022-08-16T15:02:25 IST" duration-ms="24760" status="PASS">
          <reporter-output>
          </reporter-output>
        </test-method> <!-- loginTest -->
        <test-method is-config="true" signature="tearDown()[pri:0, instance:testCases.NewTest1@57a3af25]" started-at="2022-08-16T15:02:26 IST" name="tearDown" finished-at="2022-08-16T15:02:26 IST" duration-ms="217" status="PASS">
          <reporter-output>
          </reporter-output>
        </test-method> <!-- tearDown -->
      </class> <!-- testCases.NewTest1 -->
    </test> <!-- Newtest1 -->
  </suite> <!-- Suite1 -->
</testng-results>
