<?xml version="1.0" encoding="UTF-8"?>
<!-- Generated by org.testng.reporters.JUnitReportReporter -->
<testsuite hostname="MrDevisettyPC" failures="1" tests="5" name="parallel.testrunnerTestNG" time="141.046" errors="0" timestamp="2022-02-20T11:06:33 GMT" skipped="0">
  <testcase classname="parallel.testrunnerTestNG" name="runScenario" time="43.501"/>
  <system-out/>
  <testcase classname="parallel.testrunnerTestNG" name="runScenario" time="31.437"/>
  <system-out/>
  <testcase classname="parallel.testrunnerTestNG" name="runScenario" time="24.105"/>
  <system-out/>
  <testcase classname="parallel.testrunnerTestNG" name="runScenario" time="30.659"/>
  <system-out/>
  <testcase classname="parallel.testrunnerTestNG" name="runScenario" time="11.344">
    <failure message="expected:&lt;[Dashboard / nopCommerce administratio]n&gt; but was:&lt;[Your store. Logi]n&gt;" type="org.junit.ComparisonFailure">
      <![CDATA[org.junit.ComparisonFailure: expected:<[Dashboard / nopCommerce administratio]n> but was:<[Your store. Logi]n>
at org.junit.Assert.assertEquals(Assert.java:117)
at org.junit.Assert.assertEquals(Assert.java:146)
at parallel.loginSteps.page_title_should_be(loginSteps.java:52)
at ✽.page title should be "Dashboard / nopCommerce administration"(classpath:parallel/scenarios.feature:40)
]]>
    </failure>
  </testcase> <!-- runScenario -->
  <system-out/>
</testsuite> <!-- parallel.testrunnerTestNG -->
